C51 COMPILER V9.50a   KEYPAD_PHONE_DRIVER                                                  12/02/2020 22:43:54 PAGE 1   


C51 COMPILER V9.50a, COMPILATION OF MODULE KEYPAD_PHONE_DRIVER
OBJECT MODULE PLACED IN .\Objects\keypad_phone_driver.obj
COMPILER INVOKED BY: C:\Keil_v5\C51\BIN\C51.EXE keypad_phone_driver.c OPTIMIZE(8,SPEED) BROWSE DEBUG OBJECTEXTEND PRINT(
                    -.\Listings\keypad_phone_driver.lst) TABS(2) OBJECT(.\Objects\keypad_phone_driver.obj)

line level    source

   1          #include<reg51.h>
   2          #include "header.h"
   3          sbit r0=P2^4;
   4          sbit r1=P2^5;
   5          sbit r2=P2^6;
   6          sbit r3=P2^7;
   7          sbit c0=P2^0;
   8          sbit c1=P2^1;
   9          sbit c2=P2^2;
  10          u8 tab[4][3]={{'1','2','3'},{'4','5','6'},{'7','8','9'},{'*','0','#'}};
  11          u8 keyscan_phone(void)
  12          {
  13   1        u8 row,col;
  14   1        r1=r2=r3=r0=0;
  15   1        while(c1&c2&c0);
  16   1        r1=r2=r3=r0=1;
  17   1        r0=0;
  18   1        if((c1&c2&c0)==0)
  19   1        {
  20   2          row=0;
  21   2          goto col_check;
  22   2        }
  23   1        r1=r2=r3=r0=1;
  24   1        r1=0;
  25   1        if((c1&c2&c0)==0)
  26   1        {
  27   2          row=1;
  28   2          goto col_check;
  29   2        }
  30   1        r1=r2=r3=r0=1;
  31   1        r2=0;
  32   1        if((c1&c2&c0)==0)
  33   1        {
  34   2          row=2;
  35   2          goto col_check;
  36   2        }
  37   1        r1=r2=r3=r0=1;
  38   1        r3=0;
  39   1        if((c1&c2&c0)==0)
  40   1        {
  41   2          row=3;
  42   2          goto col_check;
  43   2        }
  44   1        col_check:
  45   1        if(c0==0)
  46   1          col=0;
  47   1        else if(c1==0)
  48   1          col=1;
  49   1        else if(c2==0)
  50   1          col=2;
  51   1        while(c1&c2&c0==0);
  52   1        return tab[row][col];
  53   1      }

C51 COMPILER V9.50a   KEYPAD_PHONE_DRIVER                                                  12/02/2020 22:43:54 PAGE 2   


MODULE INFORMATION:   STATIC OVERLAYABLE
   CODE SIZE        =    153    ----
   CONSTANT SIZE    =   ----    ----
   XDATA SIZE       =   ----    ----
   PDATA SIZE       =   ----    ----
   DATA SIZE        =     12    ----
   IDATA SIZE       =   ----    ----
   BIT SIZE         =   ----    ----
END OF MODULE INFORMATION.


C51 COMPILATION COMPLETE.  0 WARNING(S),  0 ERROR(S)
