C51 COMPILER V9.50a   KEYPAD_CAL_DRIVER                                                    12/02/2020 22:43:54 PAGE 1   


C51 COMPILER V9.50a, COMPILATION OF MODULE KEYPAD_CAL_DRIVER
OBJECT MODULE PLACED IN .\Objects\keypad_cal_driver.obj
COMPILER INVOKED BY: C:\Keil_v5\C51\BIN\C51.EXE keypad_cal_driver.c OPTIMIZE(8,SPEED) BROWSE DEBUG OBJECTEXTEND PRINT(.\
                    -Listings\keypad_cal_driver.lst) TABS(2) OBJECT(.\Objects\keypad_cal_driver.obj)

line level    source

   1          #include<reg51.h>
   2          #include "header.h"
   3          sbit r0=P3^0;
   4          sbit r1=P3^1;
   5          sbit r2=P3^2;
   6          sbit r3=P3^3;
   7          sbit c0=P1^0;
   8          sbit c1=P1^1;
   9          sbit c2=P1^2;
  10          sbit c3=P1^3;
  11          u8 tab[4][4]={{'7','8','9','/'},{'4','5','6','*'},{'1','2','3','-'},{'N','0','=','+'}};
  12          u8 keyscan_cal(void)
  13          {
  14   1        u8 row,col;
  15   1        r1=r2=r3=r0=0;
  16   1        while(c1&c2&c0&c3);
  17   1        r1=r2=r3=r0=1;
  18   1        r0=0;
  19   1        if((c1&c2&c0&c3)==0)
  20   1        {
  21   2          row=0;
  22   2          goto col_check;
  23   2        }
  24   1        r1=r2=r3=r0=1;
  25   1        r1=0;
  26   1        if((c1&c2&c0&c3)==0)
  27   1        {
  28   2          row=1;
  29   2          goto col_check;
  30   2        }
  31   1        r1=r2=r3=r0=1;
  32   1        r2=0;
  33   1        if((c1&c2&c0&c3)==0)
  34   1        {
  35   2          row=2;
  36   2          goto col_check;
  37   2        }
  38   1        r1=r2=r3=r0=1;
  39   1        r3=0;
  40   1        if((c1&c2&c0&c3)==0)
  41   1        {
  42   2          row=3;
  43   2          goto col_check;
  44   2        }
  45   1        col_check:
  46   1        if(c0==0)
  47   1          col=0;
  48   1        else if(c1==0)
  49   1          col=1;
  50   1        else if(c2==0)
  51   1          col=2;
  52   1        else if(c3==0)
  53   1          col=3;
  54   1        while(c1&c2&c0==0);
C51 COMPILER V9.50a   KEYPAD_CAL_DRIVER                                                    12/02/2020 22:43:54 PAGE 2   

  55   1        return tab[row][col];
  56   1      }


MODULE INFORMATION:   STATIC OVERLAYABLE
   CODE SIZE        =    170    ----
   CONSTANT SIZE    =   ----    ----
   XDATA SIZE       =   ----    ----
   PDATA SIZE       =   ----    ----
   DATA SIZE        =     16    ----
   IDATA SIZE       =   ----    ----
   BIT SIZE         =   ----    ----
END OF MODULE INFORMATION.


C51 COMPILATION COMPLETE.  0 WARNING(S),  0 ERROR(S)
