C51 COMPILER V9.50a   LCD8_MAIN                                                            12/02/2020 21:04:53 PAGE 1   


C51 COMPILER V9.50a, COMPILATION OF MODULE LCD8_MAIN
OBJECT MODULE PLACED IN .\Objects\lcd8_main.obj
COMPILER INVOKED BY: C:\Keil_v5\C51\BIN\C51.EXE lcd8_main.c OPTIMIZE(8,SPEED) BROWSE DEBUG OBJECTEXTEND PRINT(.\Listings
                    -\lcd8_main.lst) TABS(2) OBJECT(.\Objects\lcd8_main.obj)

line level    source

   1          #include "header.h"
   2          void main(void)
   3          {
   4   1        cgram_init();
   5   1        lcd8_init();
   6   1        lcd8_data(0);
   7   1        lcd8_data('v');
   8   1        lcd8_string("vector \n");
   9   1        lcd8_data('B');
  10   1        
  11   1        while(1);
  12   1      }


MODULE INFORMATION:   STATIC OVERLAYABLE
   CODE SIZE        =     32    ----
   CONSTANT SIZE    =      9    ----
   XDATA SIZE       =   ----    ----
   PDATA SIZE       =   ----    ----
   DATA SIZE        =   ----    ----
   IDATA SIZE       =   ----    ----
   BIT SIZE         =   ----    ----
END OF MODULE INFORMATION.


C51 COMPILATION COMPLETE.  0 WARNING(S),  0 ERROR(S)
