C51 COMPILER V9.50a   TIMER0_MAIN                                                          12/03/2020 19:14:10 PAGE 1   


C51 COMPILER V9.50a, COMPILATION OF MODULE TIMER0_MAIN
OBJECT MODULE PLACED IN .\Objects\timer0_main.obj
COMPILER INVOKED BY: C:\Keil_v5\C51\BIN\C51.EXE timer0_main.c OPTIMIZE(8,SPEED) BROWSE DEBUG OBJECTEXTEND PRINT(.\Listin
                    -gs\timer0_main.lst) TABS(2) OBJECT(.\Objects\timer0_main.obj)

line level    source

   1          #include "header.h"
   2          void main(void)
   3          {
   4   1        delay_ms(1001);
   5   1        while(1);
   6   1      }


MODULE INFORMATION:   STATIC OVERLAYABLE
   CODE SIZE        =     13    ----
   CONSTANT SIZE    =   ----    ----
   XDATA SIZE       =   ----    ----
   PDATA SIZE       =   ----    ----
   DATA SIZE        =   ----    ----
   IDATA SIZE       =   ----    ----
   BIT SIZE         =   ----    ----
END OF MODULE INFORMATION.


C51 COMPILATION COMPLETE.  0 WARNING(S),  0 ERROR(S)
