C51 COMPILER V9.50a   UART_MAIN                                                            12/03/2020 20:22:25 PAGE 1   


C51 COMPILER V9.50a, COMPILATION OF MODULE UART_MAIN
OBJECT MODULE PLACED IN .\Objects\uart_main.obj
COMPILER INVOKED BY: C:\Keil_v5\C51\BIN\C51.EXE uart_main.c OPTIMIZE(8,SPEED) BROWSE DEBUG OBJECTEXTEND PRINT(.\Listings
                    -\uart_main.lst) TABS(2) OBJECT(.\Objects\uart_main.obj)

line level    source

   1          #include "header.h"
   2          
   3          void main(void)
   4          {
   5   1        
   6   1        u8 temp;
   7   1        enable_ex_interrupt();
   8   1        uart_init(9600);
   9   1        while(1)
  10   1        {
  11   2          //temp=uart_rx();
  12   2          //uart_tx(temp);
  13   2          //uart_tx_string("success \r\n");
  14   2        }
  15   1      }
*** WARNING C280 IN LINE 6 OF uart_main.c: 'temp': unreferenced local variable


MODULE INFORMATION:   STATIC OVERLAYABLE
   CODE SIZE        =     16    ----
   CONSTANT SIZE    =   ----    ----
   XDATA SIZE       =   ----    ----
   PDATA SIZE       =   ----    ----
   DATA SIZE        =   ----       1
   IDATA SIZE       =   ----    ----
   BIT SIZE         =   ----    ----
END OF MODULE INFORMATION.


C51 COMPILATION COMPLETE.  1 WARNING(S),  0 ERROR(S)
