C51 COMPILER V9.50a   UART_INTERRUPT_DRIVER                                                12/03/2020 20:02:49 PAGE 1   


C51 COMPILER V9.50a, COMPILATION OF MODULE UART_INTERRUPT_DRIVER
OBJECT MODULE PLACED IN .\Objects\uart_interrupt_driver.obj
COMPILER INVOKED BY: C:\Keil_v5\C51\BIN\C51.EXE uart_interrupt_driver.c OPTIMIZE(8,SPEED) BROWSE DEBUG OBJECTEXTEND PRIN
                    -T(.\Listings\uart_interrupt_driver.lst) TABS(2) OBJECT(.\Objects\uart_interrupt_driver.obj)

line level    source

   1          #include<reg51.h>
   2          void uart_handler(void) interrupt 4
   3          {
   4   1        char temp;
   5   1        if(RI==1)
   6   1        {
   7   2          RI=0;
   8   2          temp=SBUF;
   9   2          SBUF=temp; //for loopback
  10   2           
  11   2        }
  12   1        if(TI==1)
  13   1          TI=0;
  14   1      }


MODULE INFORMATION:   STATIC OVERLAYABLE
   CODE SIZE        =     26    ----
   CONSTANT SIZE    =   ----    ----
   XDATA SIZE       =   ----    ----
   PDATA SIZE       =   ----    ----
   DATA SIZE        =   ----    ----
   IDATA SIZE       =   ----    ----
   BIT SIZE         =   ----    ----
END OF MODULE INFORMATION.


C51 COMPILATION COMPLETE.  0 WARNING(S),  0 ERROR(S)
