C51 COMPILER V9.50a   DELAY_DRIVER                                                         01/25/2021 15:18:14 PAGE 1   


C51 COMPILER V9.50a, COMPILATION OF MODULE DELAY_DRIVER
OBJECT MODULE PLACED IN .\Objects\delay_driver.obj
COMPILER INVOKED BY: C:\Keil_v5\C51\BIN\C51.EXE ..\delay_driver.c OPTIMIZE(8,SPEED) BROWSE DEBUG OBJECTEXTEND PRINT(.\Li
                    -stings\delay_driver.lst) TABS(2) OBJECT(.\Objects\delay_driver.obj)

line level    source

   1          #include<reg51.h>
   2          #include "header.h"
   3          void delay_1ms(void)    //for 1 ms delay
   4          {
   5   1          TMOD|=0x1;
   6   1          TH0=0xFC;
   7   1          //TL0=0x25;
   8   1          TL0=0x50;
   9   1          TR0=1;
  10   1          while(TF0==0);
  11   1          TR0=0;
  12   1          TF0=0;
  13   1         
  14   1      }
  15          void delay_ms(u32 ms)  // for n ms delay
  16          {
  17   1        while(ms--)
  18   1          delay_1ms();
  19   1      }
  20          void sdelay_ms(u32 ms)
  21          {
  22   1        u8 i;
  23   1        while(ms--)
  24   1        {
  25   2          i=250;
  26   2          while(i--);
  27   2          i=247;
  28   2          while(i--);
  29   2        }
  30   1      }


MODULE INFORMATION:   STATIC OVERLAYABLE
   CODE SIZE        =     86    ----
   CONSTANT SIZE    =   ----    ----
   XDATA SIZE       =   ----    ----
   PDATA SIZE       =   ----    ----
   DATA SIZE        =   ----       8
   IDATA SIZE       =   ----    ----
   BIT SIZE         =   ----    ----
END OF MODULE INFORMATION.


C51 COMPILATION COMPLETE.  0 WARNING(S),  0 ERROR(S)
