C51 COMPILER V9.50a   UART_DRIVER                                                          01/25/2021 16:20:26 PAGE 1   


C51 COMPILER V9.50a, COMPILATION OF MODULE UART_DRIVER
OBJECT MODULE PLACED IN .\Objects\uart_driver.obj
COMPILER INVOKED BY: C:\Keil_v5\C51\BIN\C51.EXE ..\uart_driver.c OPTIMIZE(8,SPEED) BROWSE DEBUG OBJECTEXTEND PRINT(.\Lis
                    -tings\uart_driver.lst) TABS(2) OBJECT(.\Objects\uart_driver.obj)

line level    source

   1          #include<reg51.h>
   2          #include "header.h"
   3          sbit led1=P2^0;
   4          sbit led2=P2^1;
   5          sbit sw1=P3^2;  //int0
   6          sbit sw2=P3^3;  //int1
   7          char temp;
   8          void uart_handler(void) interrupt 4
   9          {
  10   1        if(RI==1)
  11   1        {
  12   2          RI=0;
  13   2          temp=SBUF;
  14   2          sw1=0;
  15   2           
  16   2        }
  17   1        if(TI==1)
  18   1          TI=0;
  19   1      }
  20          //**********************interupt defination***********************//
  21          void ex0_isr(void) interrupt 0
  22          {
  23   1        sw1=1;
  24   1        fun();     //led will toggle after each intterrupt
  25   1      }
  26          void ex1_isr(void) interrupt 2
  27          {
  28   1        led2=~led2;   //led will toggle after each intterpt
  29   1      }
  30          
  31          
  32          //*************************************************************/
  33          void enable_ex_interrupt(void)
  34          {
  35   1        EA=EX0=EX1=1; //enable ex0 and ex1 interupt
  36   1        IT0=IT1=1;  //for edge triger
  37   1        
  38   1      }
  39          
  40          /***************************************************************/
  41          void uart_init(u32 baud)
  42          {
  43   1        SCON=0x50; //mode1 and recieve enable sm0 sm1 x REN x x TI RI 
  44   1        TMOD|=0x20; //timer 1 mode 2 selected G1 C/T M1 M0 G0 C0/T0 M1 M0
  45   1        switch(baud)
  46   1        {
  47   2          case 7200:TH1=252;break;
  48   2          case 9600:TH1=253;break;
  49   2          case 14400:TH1=254;break;
  50   2          case 28800:TH1=255;break;
  51   2          case 57600:PCON|=0x80;
  52   2                     TH1=255;break;
  53   2        }
  54   1        TR1=1;
C51 COMPILER V9.50a   UART_DRIVER                                                          01/25/2021 16:20:26 PAGE 2   

  55   1        EA=ES=1; //enabling uart interrupt
  56   1      }
  57          /*u8 uart_rx(void)
  58          {
  59            u8 temp;
  60            while(RI==0);
  61            RI=0;
  62            temp=SBUF;
  63            return temp;
  64          }*/
  65          void uart_tx(u8 Data)
  66          {
  67   1        SBUF=Data;
  68   1        while(TI==0);
  69   1        TI=0;
  70   1      }
  71          void uart_tx_string(u8 *ptr)
  72          {
  73   1        s8 i;
  74   1        for(i=0;ptr[i];i++)
  75   1        {
  76   2          uart_tx(ptr[i]);
  77   2        }
  78   1      }
  79          void fun()
  80          {
  81   1        switch(temp)
  82   1        {
  83   2          case '1':led1=~led1;
  84   2                break;
  85   2          case '2':led2=~led2;
  86   2               break;
  87   2          default:
  88   2            break;
  89   2        }
  90   1      }


MODULE INFORMATION:   STATIC OVERLAYABLE
   CODE SIZE        =    223    ----
   CONSTANT SIZE    =   ----    ----
   XDATA SIZE       =   ----    ----
   PDATA SIZE       =   ----    ----
   DATA SIZE        =      1       3
   IDATA SIZE       =   ----    ----
   BIT SIZE         =   ----    ----
END OF MODULE INFORMATION.


C51 COMPILATION COMPLETE.  0 WARNING(S),  0 ERROR(S)
