C51 COMPILER V9.50a   UC3DRIVER                                                            01/25/2021 20:31:44 PAGE 1   


C51 COMPILER V9.50a, COMPILATION OF MODULE UC3DRIVER
OBJECT MODULE PLACED IN .\Objects\uc3driver.obj
COMPILER INVOKED BY: C:\Keil_v5\C51\BIN\C51.EXE uc3driver.c OPTIMIZE(8,SPEED) BROWSE DEBUG OBJECTEXTEND PRINT(.\Listings
                    -\uc3driver.lst) TABS(2) OBJECT(.\Objects\uc3driver.obj)

line level    source

   1          #include<reg51.h>
   2          #include "header.h"
   3          sbit l1=P2^0;
   4          sbit l2=P2^1;
   5          sbit l3=P2^2;
   6          sbit l4=P2^3;
   7          sbit l5=P2^4;
   8          sbit l6=P2^5;
   9          sbit l7=P2^6;
  10          sbit l8=P2^7;
  11          
  12          sbit sw1=P3^2;  //int0
  13          sbit sw2=P3^3;  //int1
  14          
  15          char temp;   //data register
  16          void uart_handler(void) interrupt 4
  17          {
  18   1        if(RI==1)
  19   1        {
  20   2          RI=0;
  21   2          temp=SBUF;
  22   2          sw1=0;
  23   2           
  24   2        }
  25   1        if(TI==1)
  26   1          TI=0;
  27   1      }
  28          //**********************interupt defination***********************//
  29          void ex0_isr(void) interrupt 0
  30          {
  31   1        sw1=1;
  32   1        fun();     //led will toggle after each intterrupt
  33   1      }
  34          
  35          /*void ex1_isr(void) interrupt 2
  36          {
  37            led2=~led2;   //led will toggle after each intterpt
  38          }*/
  39          
  40          
  41          //*************************************************************/
  42          void enable_ex_interrupt(void)
  43          {
  44   1        EA=EX0=1; //enable ex0 and ex1 interupt
  45   1        IT0=1;  //for edge triger
  46   1        
  47   1      }
  48          
  49          /***************************************************************/
  50          void uart_init(u32 baud)
  51          {
  52   1        SCON=0x50; //mode1 and recieve enable sm0 sm1 x REN x x TI RI 
  53   1        TMOD|=0x20; //timer 1 mode 2 selected G1 C/T M1 M0 G0 C0/T0 M1 M0
  54   1        switch(baud)
C51 COMPILER V9.50a   UC3DRIVER                                                            01/25/2021 20:31:44 PAGE 2   

  55   1        {
  56   2          case 7200:TH1=252;break;
  57   2          case 9600:TH1=253;break;
  58   2          case 14400:TH1=254;break;
  59   2          case 28800:TH1=255;break;
  60   2          case 57600:PCON|=0x80;
  61   2                     TH1=255;break;
  62   2        }
  63   1        TR1=1;
  64   1        EA=ES=1; //enabling uart interrupt
  65   1      }
  66          /*u8 uart_rx(void)
  67          {
  68            u8 temp;
  69            while(RI==0);
  70            RI=0;
  71            temp=SBUF;
  72            return temp;
  73          }*/
  74          void uart_tx(u8 Data)
  75          {
  76   1        SBUF=Data;
  77   1        while(TI==0);
  78   1        TI=0;
  79   1      }
  80          void uart_tx_string(u8 *ptr)
  81          {
  82   1        s8 i;
  83   1        for(i=0;ptr[i];i++)
  84   1        {
  85   2          uart_tx(ptr[i]);
  86   2        }
  87   1      }
  88          
  89          //*****************************functions******************************************//
  90          void fun()
  91          {
  92   1        switch(temp)
  93   1        {
  94   2          case '1':l1=~l1;
  95   2                break;
  96   2          case '2':l2=~l2;
  97   2               break;
  98   2          case '3':l3=~l3;
  99   2                break;
 100   2          case '4':l4=~l4;
 101   2               break;
 102   2          case '5':l5=~l5;
 103   2                break;
 104   2          case '6':l6=~l6;
 105   2               break;
 106   2          case '7':l7=~l7;
 107   2                break;
 108   2          case '8':l8=~l8;
 109   2               break;
 110   2          
 111   2          default:
 112   2            break;
 113   2        }
 114   1      }


C51 COMPILER V9.50a   UC3DRIVER                                                            01/25/2021 20:31:44 PAGE 3   

MODULE INFORMATION:   STATIC OVERLAYABLE
   CODE SIZE        =    272    ----
   CONSTANT SIZE    =   ----    ----
   XDATA SIZE       =   ----    ----
   PDATA SIZE       =   ----    ----
   DATA SIZE        =      1       3
   IDATA SIZE       =   ----    ----
   BIT SIZE         =   ----    ----
END OF MODULE INFORMATION.


C51 COMPILATION COMPLETE.  0 WARNING(S),  0 ERROR(S)
